# JRE version: OpenJDK Runtime Environment Temurin-17.0.11+9 (17.0.11+9) (build 17.0.11+9)
# Java VM: OpenJDK 64-Bit Server VM Temurin-17.0.11+9 (17.0.11+9, mixed mode, tiered, compressed oops, compressed class ptrs, parallel gc, windows-amd64)
GC Precious Log:
 CPUs: 12 total, 12 available
 Memory: 7930M
 Large Page Support: Disabled
 NUMA Support: Disabled
 Compressed Oops: Enabled (32-bit)
 Alignments: Space 512K, Generation 512K, Heap 2M
 Heap Min Capacity: 100M
 Heap Initial Capacity: 100M
 Heap Max Capacity: 1G
 Pre-touch: Disabled
 Parallel Workers: 10
Heap:
 PSYoungGen      total 6656K, used 3094K [0x00000000eab00000, 0x00000000eb880000, 0x0000000100000000)
  eden space 4608K, 67% used [0x00000000eab00000,0x00000000eae05a08,0x00000000eaf80000)
  from space 2048K, 0% used [0x00000000eaf80000,0x00000000eaf80000,0x00000000eb180000)
  to   space 4608K, 0% used [0x00000000eb400000,0x00000000eb400000,0x00000000eb880000)
 ParOldGen       total 94720K, used 69558K [0x00000000c0000000, 0x00000000c5c80000, 0x00000000eab00000)
  object space 94720K, 73% used [0x00000000c0000000,0x00000000c43edb88,0x00000000c5c80000)
 Metaspace       used 79578K, committed 80960K, reserved 1179648K
  class space    used 8183K, committed 8768K, reserved 1048576K
GC Heap History (20 events):
Event: 37.120 GC heap before
{Heap before GC invocations=313 (full 11):
 PSYoungGen      total 4096K, used 3455K [0x00000000eab00000, 0x00000000eb080000, 0x0000000100000000)
  eden space 3072K, 99% used [0x00000000eab00000,0x00000000eadffff8,0x00000000eae00000)
  from space 1024K, 37% used [0x00000000eae80000,0x00000000eaee0000,0x00000000eaf80000)
  to   space 1024K, 0% used [0x00000000eaf80000,0x00000000eaf80000,0x00000000eb080000)
 ParOldGen       total 100864K, used 92238K [0x00000000c0000000, 0x00000000c6280000, 0x00000000eab00000)
  object space 100864K, 91% used [0x00000000c0000000,0x00000000c5a13900,0x00000000c6280000)
 Metaspace       used 79568K, committed 80960K, reserved 1179648K
  class space    used 8183K, committed 8768K, reserved 1048576K
}
Event: 37.121 GC heap after
{Heap after GC invocations=313 (full 11):
 PSYoungGen      total 4096K, used 816K [0x00000000eab00000, 0x00000000eb080000, 0x0000000100000000)
  eden space 3072K, 0% used [0x00000000eab00000,0x00000000eab00000,0x00000000eae00000)
  from space 1024K, 79% used [0x00000000eaf80000,0x00000000eb04c2f0,0x00000000eb080000)
  to   space 1024K, 0% used [0x00000000eae80000,0x00000000eae80000,0x00000000eaf80000)
 ParOldGen       total 100864K, used 92486K [0x00000000c0000000, 0x00000000c6280000, 0x00000000eab00000)
  object space 100864K, 91% used [0x00000000c0000000,0x00000000c5a51900,0x00000000c6280000)
 Metaspace       used 79568K, committed 80960K, reserved 1179648K
  class space    used 8183K, committed 8768K, reserved 1048576K
}
Event: 37.125 GC heap before
{Heap before GC invocations=314 (full 11):
 PSYoungGen      total 4096K, used 3888K [0x00000000eab00000, 0x00000000eb080000, 0x0000000100000000)
  eden space 3072K, 99% used [0x00000000eab00000,0x00000000eadffff8,0x00000000eae00000)
  from space 1024K, 79% used [0x00000000eaf80000,0x00000000eb04c2f0,0x00000000eb080000)
  to   space 1024K, 0% used [0x00000000eae80000,0x00000000eae80000,0x00000000eaf80000)
 ParOldGen       total 100864K, used 92486K [0x00000000c0000000, 0x00000000c6280000, 0x00000000eab00000)
  object space 100864K, 91% used [0x00000000c0000000,0x00000000c5a51900,0x00000000c6280000)
 Metaspace       used 79568K, committed 80960K, reserved 1179648K
  class space    used 8183K, committed 8768K, reserved 1048576K
}
Event: 37.126 GC heap after
{Heap after GC invocations=314 (full 11):
 PSYoungGen      total 4096K, used 1024K [0x00000000eab00000, 0x00000000eb300000, 0x0000000100000000)
  eden space 3072K, 0% used [0x00000000eab00000,0x00000000eab00000,0x00000000eae00000)
  from space 1024K, 100% used [0x00000000eae80000,0x00000000eaf80000,0x00000000eaf80000)
  to   space 2560K, 0% used [0x00000000eb080000,0x00000000eb080000,0x00000000eb300000)
 ParOldGen       total 100864K, used 93531K [0x00000000c0000000, 0x00000000c6280000, 0x00000000eab00000)
  object space 100864K, 92% used [0x00000000c0000000,0x00000000c5b56e50,0x00000000c6280000)
 Metaspace       used 79568K, committed 80960K, reserved 1179648K
  class space    used 8183K, committed 8768K, reserved 1048576K
}
Event: 37.130 GC heap before
{Heap before GC invocations=315 (full 11):
 PSYoungGen      total 4096K, used 4096K [0x00000000eab00000, 0x00000000eb300000, 0x0000000100000000)
  eden space 3072K, 100% used [0x00000000eab00000,0x00000000eae00000,0x00000000eae00000)
  from space 1024K, 100% used [0x00000000eae80000,0x00000000eaf80000,0x00000000eaf80000)
  to   space 2560K, 0% used [0x00000000eb080000,0x00000000eb080000,0x00000000eb300000)
 ParOldGen       total 100864K, used 93531K [0x00000000c0000000, 0x00000000c6280000, 0x00000000eab00000)
  object space 100864K, 92% used [0x00000000c0000000,0x00000000c5b56e50,0x00000000c6280000)
 Metaspace       used 79568K, committed 80960K, reserved 1179648K
  class space    used 8183K, committed 8768K, reserved 1048576K
}
Event: 37.133 GC heap after
{Heap after GC invocations=315 (full 11):
 PSYoungGen      total 6144K, used 1632K [0x00000000eab00000, 0x00000000eb300000, 0x0000000100000000)
  eden space 3584K, 0% used [0x00000000eab00000,0x00000000eab00000,0x00000000eae80000)
  from space 2560K, 63% used [0x00000000eb080000,0x00000000eb218000,0x00000000eb300000)
  to   space 2048K, 0% used [0x00000000eae80000,0x00000000eae80000,0x00000000eb080000)
 ParOldGen       total 100864K, used 94483K [0x00000000c0000000, 0x00000000c6280000, 0x00000000eab00000)
  object space 100864K, 93% used [0x00000000c0000000,0x00000000c5c44e50,0x00000000c6280000)
 Metaspace       used 79568K, committed 80960K, reserved 1179648K
  class space    used 8183K, committed 8768K, reserved 1048576K
}
Event: 37.138 GC heap before
{Heap before GC invocations=316 (full 11):
 PSYoungGen      total 6144K, used 5216K [0x00000000eab00000, 0x00000000eb300000, 0x0000000100000000)
  eden space 3584K, 100% used [0x00000000eab00000,0x00000000eae80000,0x00000000eae80000)
  from space 2560K, 63% used [0x00000000eb080000,0x00000000eb218000,0x00000000eb300000)
  to   space 2048K, 0% used [0x00000000eae80000,0x00000000eae80000,0x00000000eb080000)
 ParOldGen       total 100864K, used 94483K [0x00000000c0000000, 0x00000000c6280000, 0x00000000eab00000)
  object space 100864K, 93% used [0x00000000c0000000,0x00000000c5c44e50,0x00000000c6280000)
 Metaspace       used 79568K, committed 80960K, reserved 1179648K
  class space    used 8183K, committed 8768K, reserved 1048576K
}
Event: 37.143 GC heap after
{Heap after GC invocations=316 (full 11):
 PSYoungGen      total 5632K, used 1792K [0x00000000eab00000, 0x00000000eb380000, 0x0000000100000000)
  eden space 3584K, 0% used [0x00000000eab00000,0x00000000eab00000,0x00000000eae80000)
  from space 2048K, 87% used [0x00000000eae80000,0x00000000eb040000,0x00000000eb080000)
  to   space 2048K, 0% used [0x00000000eb180000,0x00000000eb180000,0x00000000eb380000)
 ParOldGen       total 100864K, used 95891K [0x00000000c0000000, 0x00000000c6280000, 0x00000000eab00000)
  object space 100864K, 95% used [0x00000000c0000000,0x00000000c5da4e50,0x00000000c6280000)
 Metaspace       used 79568K, committed 80960K, reserved 1179648K
  class space    used 8183K, committed 8768K, reserved 1048576K
}
Event: 37.150 GC heap before
{Heap before GC invocations=317 (full 11):
 PSYoungGen      total 5632K, used 5376K [0x00000000eab00000, 0x00000000eb380000, 0x0000000100000000)
  eden space 3584K, 100% used [0x00000000eab00000,0x00000000eae80000,0x00000000eae80000)
  from space 2048K, 87% used [0x00000000eae80000,0x00000000eb040000,0x00000000eb080000)
  to   space 2048K, 0% used [0x00000000eb180000,0x00000000eb180000,0x00000000eb380000)
 ParOldGen       total 100864K, used 95891K [0x00000000c0000000, 0x00000000c6280000, 0x00000000eab00000)
  object space 100864K, 95% used [0x00000000c0000000,0x00000000c5da4e50,0x00000000c6280000)
 Metaspace       used 79568K, committed 80960K, reserved 1179648K
  class space    used 8183K, committed 8768K, reserved 1048576K
}
Event: 37.154 GC heap after
{Heap after GC invocations=317 (full 11):
 PSYoungGen      total 5632K, used 864K [0x00000000eab00000, 0x00000000eb280000, 0x0000000100000000)
  eden space 4608K, 0% used [0x00000000eab00000,0x00000000eab00000,0x00000000eaf80000)
  from space 1024K, 84% used [0x00000000eb180000,0x00000000eb258000,0x00000000eb280000)
  to   space 1536K, 0% used [0x00000000eaf80000,0x00000000eaf80000,0x00000000eb100000)
 ParOldGen       total 100864K, used 97419K [0x00000000c0000000, 0x00000000c6280000, 0x00000000eab00000)
  object space 100864K, 96% used [0x00000000c0000000,0x00000000c5f22e50,0x00000000c6280000)
 Metaspace       used 79568K, committed 80960K, reserved 1179648K
  class space    used 8183K, committed 8768K, reserved 1048576K
}
Event: 37.161 GC heap before
{Heap before GC invocations=318 (full 11):
 PSYoungGen      total 5632K, used 5471K [0x00000000eab00000, 0x00000000eb280000, 0x0000000100000000)
  eden space 4608K, 99% used [0x00000000eab00000,0x00000000eaf7fff8,0x00000000eaf80000)
  from space 1024K, 84% used [0x00000000eb180000,0x00000000eb258000,0x00000000eb280000)
  to   space 1536K, 0% used [0x00000000eaf80000,0x00000000eaf80000,0x00000000eb100000)
 ParOldGen       total 100864K, used 97419K [0x00000000c0000000, 0x00000000c6280000, 0x00000000eab00000)
  object space 100864K, 96% used [0x00000000c0000000,0x00000000c5f22e50,0x00000000c6280000)
 Metaspace       used 79568K, committed 80960K, reserved 1179648K
  class space    used 8183K, committed 8768K, reserved 1048576K
}
Event: 37.162 GC heap after
{Heap after GC invocations=318 (full 11):
 PSYoungGen      total 6144K, used 896K [0x00000000eab00000, 0x00000000eb280000, 0x0000000100000000)
  eden space 4608K, 0% used [0x00000000eab00000,0x00000000eab00000,0x00000000eaf80000)
  from space 1536K, 58% used [0x00000000eaf80000,0x00000000eb060000,0x00000000eb100000)
  to   space 1024K, 0% used [0x00000000eb180000,0x00000000eb180000,0x00000000eb280000)
 ParOldGen       total 100864K, used 97985K [0x00000000c0000000, 0x00000000c6280000, 0x00000000eab00000)
  object space 100864K, 97% used [0x00000000c0000000,0x00000000c5fb0510,0x00000000c6280000)
 Metaspace       used 79568K, committed 80960K, reserved 1179648K
  class space    used 8183K, committed 8768K, reserved 1048576K
}
Event: 37.175 GC heap before
{Heap before GC invocations=319 (full 11):
 PSYoungGen      total 6144K, used 5504K [0x00000000eab00000, 0x00000000eb280000, 0x0000000100000000)
  eden space 4608K, 100% used [0x00000000eab00000,0x00000000eaf80000,0x00000000eaf80000)
  from space 1536K, 58% used [0x00000000eaf80000,0x00000000eb060000,0x00000000eb100000)
  to   space 1024K, 0% used [0x00000000eb180000,0x00000000eb180000,0x00000000eb280000)
 ParOldGen       total 100864K, used 97985K [0x00000000c0000000, 0x00000000c6280000, 0x00000000eab00000)
  object space 100864K, 97% used [0x00000000c0000000,0x00000000c5fb0510,0x00000000c6280000)
 Metaspace       used 79568K, committed 80960K, reserved 1179648K
  class space    used 8183K, committed 8768K, reserved 1048576K
}
Event: 37.177 GC heap after
{Heap after GC invocations=319 (full 11):
 PSYoungGen      total 5632K, used 1024K [0x00000000eab00000, 0x00000000eb480000, 0x0000000100000000)
  eden space 4608K, 0% used [0x00000000eab00000,0x00000000eab00000,0x00000000eaf80000)
  from space 1024K, 100% used [0x00000000eb180000,0x00000000eb280000,0x00000000eb280000)
  to   space 2048K, 0% used [0x00000000eaf80000,0x00000000eaf80000,0x00000000eb180000)
 ParOldGen       total 100864K, used 98601K [0x00000000c0000000, 0x00000000c6280000, 0x00000000eab00000)
  object space 100864K, 97% used [0x00000000c0000000,0x00000000c604a510,0x00000000c6280000)
 Metaspace       used 79568K, committed 80960K, reserved 1179648K
  class space    used 8183K, committed 8768K, reserved 1048576K
}
Event: 37.203 GC heap before
{Heap before GC invocations=320 (full 11):
 PSYoungGen      total 5632K, used 5632K [0x00000000eab00000, 0x00000000eb480000, 0x0000000100000000)
  eden space 4608K, 100% used [0x00000000eab00000,0x00000000eaf80000,0x00000000eaf80000)
  from space 1024K, 100% used [0x00000000eb180000,0x00000000eb280000,0x00000000eb280000)
  to   space 2048K, 0% used [0x00000000eaf80000,0x00000000eaf80000,0x00000000eb180000)
 ParOldGen       total 100864K, used 98601K [0x00000000c0000000, 0x00000000c6280000, 0x00000000eab00000)
  object space 100864K, 97% used [0x00000000c0000000,0x00000000c604a510,0x00000000c6280000)
 Metaspace       used 79568K, committed 80960K, reserved 1179648K
  class space    used 8183K, committed 8768K, reserved 1048576K
}
Event: 37.204 GC heap after
{Heap after GC invocations=320 (full 11):
 PSYoungGen      total 6656K, used 1536K [0x00000000eab00000, 0x00000000eb380000, 0x0000000100000000)
  eden space 4608K, 0% used [0x00000000eab00000,0x00000000eab00000,0x00000000eaf80000)
  from space 2048K, 75% used [0x00000000eaf80000,0x00000000eb100000,0x00000000eb180000)
  to   space 2048K, 0% used [0x00000000eb180000,0x00000000eb180000,0x00000000eb380000)
 ParOldGen       total 100864K, used 99609K [0x00000000c0000000, 0x00000000c6280000, 0x00000000eab00000)
  object space 100864K, 98% used [0x00000000c0000000,0x00000000c6146510,0x00000000c6280000)
 Metaspace       used 79568K, committed 80960K, reserved 1179648K
  class space    used 8183K, committed 8768K, reserved 1048576K
}
Event: 37.224 GC heap before
{Heap before GC invocations=321 (full 11):
 PSYoungGen      total 6656K, used 6144K [0x00000000eab00000, 0x00000000eb380000, 0x0000000100000000)
  eden space 4608K, 100% used [0x00000000eab00000,0x00000000eaf80000,0x00000000eaf80000)
  from space 2048K, 75% used [0x00000000eaf80000,0x00000000eb100000,0x00000000eb180000)
  to   space 2048K, 0% used [0x00000000eb180000,0x00000000eb180000,0x00000000eb380000)
 ParOldGen       total 100864K, used 99609K [0x00000000c0000000, 0x00000000c6280000, 0x00000000eab00000)
  object space 100864K, 98% used [0x00000000c0000000,0x00000000c6146510,0x00000000c6280000)
 Metaspace       used 79568K, committed 80960K, reserved 1179648K
  class space    used 8183K, committed 8768K, reserved 1048576K
}
Event: 37.227 GC heap after
{Heap after GC invocations=321 (full 11):
 PSYoungGen      total 6656K, used 2032K [0x00000000eab00000, 0x00000000eb380000, 0x0000000100000000)
  eden space 4608K, 0% used [0x00000000eab00000,0x00000000eab00000,0x00000000eaf80000)
  from space 2048K, 99% used [0x00000000eb180000,0x00000000eb37c2f0,0x00000000eb380000)
  to   space 2048K, 0% used [0x00000000eaf80000,0x00000000eaf80000,0x00000000eb180000)
 ParOldGen       total 101888K, used 101605K [0x00000000c0000000, 0x00000000c6380000, 0x00000000eab00000)
  object space 101888K, 99% used [0x00000000c0000000,0x00000000c6339418,0x00000000c6380000)
 Metaspace       used 79568K, committed 80960K, reserved 1179648K
  class space    used 8183K, committed 8768K, reserved 1048576K
}
Event: 37.227 GC heap before
{Heap before GC invocations=322 (full 12):
 PSYoungGen      total 6656K, used 2032K [0x00000000eab00000, 0x00000000eb380000, 0x0000000100000000)
  eden space 4608K, 0% used [0x00000000eab00000,0x00000000eab00000,0x00000000eaf80000)
  from space 2048K, 99% used [0x00000000eb180000,0x00000000eb37c2f0,0x00000000eb380000)
  to   space 2048K, 0% used [0x00000000eaf80000,0x00000000eaf80000,0x00000000eb180000)
 ParOldGen       total 101888K, used 101605K [0x00000000c0000000, 0x00000000c6380000, 0x00000000eab00000)
  object space 101888K, 99% used [0x00000000c0000000,0x00000000c6339418,0x00000000c6380000)
 Metaspace       used 79568K, committed 80960K, reserved 1179648K
  class space    used 8183K, committed 8768K, reserved 1048576K
}
Event: 37.280 GC heap after
{Heap after GC invocations=322 (full 12):
 PSYoungGen      total 6656K, used 0K [0x00000000eab00000, 0x00000000eb880000, 0x0000000100000000)
  eden space 4608K, 0% used [0x00000000eab00000,0x00000000eab00000,0x00000000eaf80000)
  from space 2048K, 0% used [0x00000000eaf80000,0x00000000eaf80000,0x00000000eb180000)
  to   space 4608K, 0% used [0x00000000eb400000,0x00000000eb400000,0x00000000eb880000)
 ParOldGen       total 94720K, used 69558K [0x00000000c0000000, 0x00000000c5c80000, 0x00000000eab00000)
  object space 94720K, 73% used [0x00000000c0000000,0x00000000c43edb88,0x00000000c5c80000)
 Metaspace       used 79568K, committed 80960K, reserved 1179648K
  class space    used 8183K, committed 8768K, reserved 1048576K
}

