# JRE version: OpenJDK Runtime Environment Temurin-17.0.11+9 (17.0.11+9) (build 17.0.11+9)
# Java VM: OpenJDK 64-Bit Server VM Temurin-17.0.11+9 (17.0.11+9, mixed mode, emulated-client, tiered, compressed oops, compressed class ptrs, g1 gc, windows-amd64)
GC Precious Log:
 CPUs: 12 total, 12 available
 Memory: 7930M
 Large Page Support: Disabled
 NUMA Support: Disabled
 Compressed Oops: Enabled (32-bit)
 Heap Region Size: 1M
 Heap Min Capacity: 8M
 Heap Initial Capacity: 124M
 Heap Max Capacity: 1G
 Pre-touch: Disabled
 Parallel Workers: 10
 Concurrent Workers: 3
 Concurrent Refinement Workers: 10
 Periodic GC: Disabled
Heap:
 garbage-first heap   total 99328K, used 39283K [0x00000000c0000000, 0x0000000100000000)
  region size 1024K, 1 young (1024K), 0 survivors (0K)
 Metaspace       used 63331K, committed 63872K, reserved 1114112K
  class space    used 7828K, committed 8064K, reserved 1048576K
GC Heap History (20 events):
Event: 754.487 GC heap before
{Heap before GC invocations=64 (full 34):
 garbage-first heap   total 99328K, used 39284K [0x00000000c0000000, 0x0000000100000000)
  region size 1024K, 1 young (1024K), 0 survivors (0K)
 Metaspace       used 63331K, committed 63872K, reserved 1114112K
  class space    used 7828K, committed 8064K, reserved 1048576K
}
Event: 754.512 GC heap after
{Heap after GC invocations=65 (full 35):
 garbage-first heap   total 99328K, used 39284K [0x00000000c0000000, 0x0000000100000000)
  region size 1024K, 0 young (0K), 0 survivors (0K)
 Metaspace       used 63331K, committed 63872K, reserved 1114112K
  class space    used 7828K, committed 8064K, reserved 1048576K
}
Event: 764.609 GC heap before
{Heap before GC invocations=65 (full 35):
 garbage-first heap   total 99328K, used 39284K [0x00000000c0000000, 0x0000000100000000)
  region size 1024K, 1 young (1024K), 0 survivors (0K)
 Metaspace       used 63331K, committed 63872K, reserved 1114112K
  class space    used 7828K, committed 8064K, reserved 1048576K
}
Event: 764.640 GC heap after
{Heap after GC invocations=66 (full 36):
 garbage-first heap   total 99328K, used 39284K [0x00000000c0000000, 0x0000000100000000)
  region size 1024K, 0 young (0K), 0 survivors (0K)
 Metaspace       used 63331K, committed 63872K, reserved 1114112K
  class space    used 7828K, committed 8064K, reserved 1048576K
}
Event: 774.746 GC heap before
{Heap before GC invocations=66 (full 36):
 garbage-first heap   total 99328K, used 39284K [0x00000000c0000000, 0x0000000100000000)
  region size 1024K, 1 young (1024K), 0 survivors (0K)
 Metaspace       used 63331K, committed 63872K, reserved 1114112K
  class space    used 7828K, committed 8064K, reserved 1048576K
}
Event: 774.783 GC heap after
{Heap after GC invocations=67 (full 37):
 garbage-first heap   total 99328K, used 39284K [0x00000000c0000000, 0x0000000100000000)
  region size 1024K, 0 young (0K), 0 survivors (0K)
 Metaspace       used 63331K, committed 63872K, reserved 1114112K
  class space    used 7828K, committed 8064K, reserved 1048576K
}
Event: 784.884 GC heap before
{Heap before GC invocations=67 (full 37):
 garbage-first heap   total 99328K, used 39284K [0x00000000c0000000, 0x0000000100000000)
  region size 1024K, 1 young (1024K), 0 survivors (0K)
 Metaspace       used 63331K, committed 63872K, reserved 1114112K
  class space    used 7828K, committed 8064K, reserved 1048576K
}
Event: 784.915 GC heap after
{Heap after GC invocations=68 (full 38):
 garbage-first heap   total 99328K, used 39284K [0x00000000c0000000, 0x0000000100000000)
  region size 1024K, 0 young (0K), 0 survivors (0K)
 Metaspace       used 63331K, committed 63872K, reserved 1114112K
  class space    used 7828K, committed 8064K, reserved 1048576K
}
Event: 795.016 GC heap before
{Heap before GC invocations=68 (full 38):
 garbage-first heap   total 99328K, used 39284K [0x00000000c0000000, 0x0000000100000000)
  region size 1024K, 1 young (1024K), 0 survivors (0K)
 Metaspace       used 63331K, committed 63872K, reserved 1114112K
  class space    used 7828K, committed 8064K, reserved 1048576K
}
Event: 795.040 GC heap after
{Heap after GC invocations=69 (full 39):
 garbage-first heap   total 99328K, used 39284K [0x00000000c0000000, 0x0000000100000000)
  region size 1024K, 0 young (0K), 0 survivors (0K)
 Metaspace       used 63331K, committed 63872K, reserved 1114112K
  class space    used 7828K, committed 8064K, reserved 1048576K
}
Event: 805.139 GC heap before
{Heap before GC invocations=69 (full 39):
 garbage-first heap   total 99328K, used 39284K [0x00000000c0000000, 0x0000000100000000)
  region size 1024K, 1 young (1024K), 0 survivors (0K)
 Metaspace       used 63331K, committed 63872K, reserved 1114112K
  class space    used 7828K, committed 8064K, reserved 1048576K
}
Event: 805.162 GC heap after
{Heap after GC invocations=70 (full 40):
 garbage-first heap   total 99328K, used 39283K [0x00000000c0000000, 0x0000000100000000)
  region size 1024K, 0 young (0K), 0 survivors (0K)
 Metaspace       used 63331K, committed 63872K, reserved 1114112K
  class space    used 7828K, committed 8064K, reserved 1048576K
}
Event: 815.262 GC heap before
{Heap before GC invocations=70 (full 40):
 garbage-first heap   total 99328K, used 39283K [0x00000000c0000000, 0x0000000100000000)
  region size 1024K, 1 young (1024K), 0 survivors (0K)
 Metaspace       used 63331K, committed 63872K, reserved 1114112K
  class space    used 7828K, committed 8064K, reserved 1048576K
}
Event: 815.285 GC heap after
{Heap after GC invocations=71 (full 41):
 garbage-first heap   total 99328K, used 39283K [0x00000000c0000000, 0x0000000100000000)
  region size 1024K, 0 young (0K), 0 survivors (0K)
 Metaspace       used 63331K, committed 63872K, reserved 1114112K
  class space    used 7828K, committed 8064K, reserved 1048576K
}
Event: 825.399 GC heap before
{Heap before GC invocations=71 (full 41):
 garbage-first heap   total 99328K, used 39283K [0x00000000c0000000, 0x0000000100000000)
  region size 1024K, 1 young (1024K), 0 survivors (0K)
 Metaspace       used 63331K, committed 63872K, reserved 1114112K
  class space    used 7828K, committed 8064K, reserved 1048576K
}
Event: 825.422 GC heap after
{Heap after GC invocations=72 (full 42):
 garbage-first heap   total 99328K, used 39283K [0x00000000c0000000, 0x0000000100000000)
  region size 1024K, 0 young (0K), 0 survivors (0K)
 Metaspace       used 63331K, committed 63872K, reserved 1114112K
  class space    used 7828K, committed 8064K, reserved 1048576K
}
Event: 835.529 GC heap before
{Heap before GC invocations=72 (full 42):
 garbage-first heap   total 99328K, used 39283K [0x00000000c0000000, 0x0000000100000000)
  region size 1024K, 1 young (1024K), 0 survivors (0K)
 Metaspace       used 63331K, committed 63872K, reserved 1114112K
  class space    used 7828K, committed 8064K, reserved 1048576K
}
Event: 835.556 GC heap after
{Heap after GC invocations=73 (full 43):
 garbage-first heap   total 99328K, used 39283K [0x00000000c0000000, 0x0000000100000000)
  region size 1024K, 0 young (0K), 0 survivors (0K)
 Metaspace       used 63331K, committed 63872K, reserved 1114112K
  class space    used 7828K, committed 8064K, reserved 1048576K
}
Event: 845.656 GC heap before
{Heap before GC invocations=73 (full 43):
 garbage-first heap   total 99328K, used 39283K [0x00000000c0000000, 0x0000000100000000)
  region size 1024K, 1 young (1024K), 0 survivors (0K)
 Metaspace       used 63331K, committed 63872K, reserved 1114112K
  class space    used 7828K, committed 8064K, reserved 1048576K
}
Event: 845.682 GC heap after
{Heap after GC invocations=74 (full 44):
 garbage-first heap   total 99328K, used 39283K [0x00000000c0000000, 0x0000000100000000)
  region size 1024K, 0 young (0K), 0 survivors (0K)
 Metaspace       used 63331K, committed 63872K, reserved 1114112K
  class space    used 7828K, committed 8064K, reserved 1048576K
}

