# JRE version: OpenJDK Runtime Environment Temurin-17.0.11+9 (17.0.11+9) (build 17.0.11+9)
# Java VM: OpenJDK 64-Bit Server VM Temurin-17.0.11+9 (17.0.11+9, mixed mode, emulated-client, tiered, compressed oops, compressed class ptrs, g1 gc, windows-amd64)
GC Precious Log:
 CPUs: 12 total, 12 available
 Memory: 7930M
 Large Page Support: Disabled
 NUMA Support: Disabled
 Compressed Oops: Enabled (32-bit)
 Heap Region Size: 1M
 Heap Min Capacity: 8M
 Heap Initial Capacity: 124M
 Heap Max Capacity: 1G
 Pre-touch: Disabled
 Parallel Workers: 10
 Concurrent Workers: 3
 Concurrent Refinement Workers: 10
 Periodic GC: Disabled
Heap:
 garbage-first heap   total 99328K, used 52257K [0x00000000c0000000, 0x0000000100000000)
  region size 1024K, 4 young (4096K), 4 survivors (4096K)
 Metaspace       used 62695K, committed 63104K, reserved 1114112K
  class space    used 7672K, committed 7872K, reserved 1048576K
GC Heap History (20 events):
Event: 28.676 GC heap after
{Heap after GC invocations=12 (full 0):
 garbage-first heap   total 95232K, used 45716K [0x00000000c0000000, 0x0000000100000000)
  region size 1024K, 2 young (2048K), 2 survivors (2048K)
 Metaspace       used 54660K, committed 55232K, reserved 1114112K
  class space    used 6645K, committed 6912K, reserved 1048576K
}
Event: 29.918 GC heap before
{Heap before GC invocations=12 (full 0):
 garbage-first heap   total 95232K, used 66196K [0x00000000c0000000, 0x0000000100000000)
  region size 1024K, 24 young (24576K), 2 survivors (2048K)
 Metaspace       used 59589K, committed 60096K, reserved 1114112K
  class space    used 7244K, committed 7488K, reserved 1048576K
}
Event: 29.929 GC heap after
{Heap after GC invocations=13 (full 0):
 garbage-first heap   total 95232K, used 47565K [0x00000000c0000000, 0x0000000100000000)
  region size 1024K, 4 young (4096K), 4 survivors (4096K)
 Metaspace       used 59589K, committed 60096K, reserved 1114112K
  class space    used 7244K, committed 7488K, reserved 1048576K
}
Event: 35.181 GC heap before
{Heap before GC invocations=14 (full 0):
 garbage-first heap   total 95232K, used 72141K [0x00000000c0000000, 0x0000000100000000)
  region size 1024K, 28 young (28672K), 4 survivors (4096K)
 Metaspace       used 61940K, committed 62464K, reserved 1114112K
  class space    used 7553K, committed 7808K, reserved 1048576K
}
Event: 35.186 GC heap after
{Heap after GC invocations=15 (full 0):
 garbage-first heap   total 95232K, used 49115K [0x00000000c0000000, 0x0000000100000000)
  region size 1024K, 4 young (4096K), 4 survivors (4096K)
 Metaspace       used 61940K, committed 62464K, reserved 1114112K
  class space    used 7553K, committed 7808K, reserved 1048576K
}
Event: 35.190 GC heap before
{Heap before GC invocations=15 (full 0):
 garbage-first heap   total 95232K, used 50139K [0x00000000c0000000, 0x0000000100000000)
  region size 1024K, 5 young (5120K), 4 survivors (4096K)
 Metaspace       used 61940K, committed 62464K, reserved 1114112K
  class space    used 7553K, committed 7808K, reserved 1048576K
}
Event: 35.194 GC heap after
{Heap after GC invocations=16 (full 0):
 garbage-first heap   total 95232K, used 49359K [0x00000000c0000000, 0x0000000100000000)
  region size 1024K, 1 young (1024K), 1 survivors (1024K)
 Metaspace       used 61940K, committed 62464K, reserved 1114112K
  class space    used 7553K, committed 7808K, reserved 1048576K
}
Event: 36.952 GC heap before
{Heap before GC invocations=16 (full 0):
 garbage-first heap   total 95232K, used 68815K [0x00000000c0000000, 0x0000000100000000)
  region size 1024K, 22 young (22528K), 1 survivors (1024K)
 Metaspace       used 62145K, committed 62656K, reserved 1114112K
  class space    used 7581K, committed 7808K, reserved 1048576K
}
Event: 36.954 GC heap after
{Heap after GC invocations=17 (full 0):
 garbage-first heap   total 95232K, used 49007K [0x00000000c0000000, 0x0000000100000000)
  region size 1024K, 2 young (2048K), 2 survivors (2048K)
 Metaspace       used 62145K, committed 62656K, reserved 1114112K
  class space    used 7581K, committed 7808K, reserved 1048576K
}
Event: 39.758 GC heap before
{Heap before GC invocations=18 (full 0):
 garbage-first heap   total 95232K, used 73583K [0x00000000c0000000, 0x0000000100000000)
  region size 1024K, 26 young (26624K), 2 survivors (2048K)
 Metaspace       used 62149K, committed 62656K, reserved 1114112K
  class space    used 7584K, committed 7808K, reserved 1048576K
}
Event: 39.760 GC heap after
{Heap after GC invocations=19 (full 0):
 garbage-first heap   total 95232K, used 54253K [0x00000000c0000000, 0x0000000100000000)
  region size 1024K, 4 young (4096K), 4 survivors (4096K)
 Metaspace       used 62149K, committed 62656K, reserved 1114112K
  class space    used 7584K, committed 7808K, reserved 1048576K
}
Event: 39.768 GC heap before
{Heap before GC invocations=19 (full 0):
 garbage-first heap   total 95232K, used 55277K [0x00000000c0000000, 0x0000000100000000)
  region size 1024K, 5 young (5120K), 4 survivors (4096K)
 Metaspace       used 62149K, committed 62656K, reserved 1114112K
  class space    used 7584K, committed 7808K, reserved 1048576K
}
Event: 39.770 GC heap after
{Heap after GC invocations=20 (full 0):
 garbage-first heap   total 95232K, used 49686K [0x00000000c0000000, 0x0000000100000000)
  region size 1024K, 1 young (1024K), 1 survivors (1024K)
 Metaspace       used 62149K, committed 62656K, reserved 1114112K
  class space    used 7584K, committed 7808K, reserved 1048576K
}
Event: 61.017 GC heap before
{Heap before GC invocations=20 (full 0):
 garbage-first heap   total 95232K, used 72214K [0x00000000c0000000, 0x0000000100000000)
  region size 1024K, 23 young (23552K), 1 survivors (1024K)
 Metaspace       used 62218K, committed 62784K, reserved 1114112K
  class space    used 7599K, committed 7872K, reserved 1048576K
}
Event: 61.019 GC heap after
{Heap after GC invocations=21 (full 0):
 garbage-first heap   total 95232K, used 51232K [0x00000000c0000000, 0x0000000100000000)
  region size 1024K, 2 young (2048K), 2 survivors (2048K)
 Metaspace       used 62218K, committed 62784K, reserved 1114112K
  class space    used 7599K, committed 7872K, reserved 1048576K
}
Event: 62.702 GC heap before
{Heap before GC invocations=22 (full 0):
 garbage-first heap   total 99328K, used 73760K [0x00000000c0000000, 0x0000000100000000)
  region size 1024K, 24 young (24576K), 2 survivors (2048K)
 Metaspace       used 62411K, committed 62912K, reserved 1114112K
  class space    used 7617K, committed 7872K, reserved 1048576K
}
Event: 62.706 GC heap after
{Heap after GC invocations=23 (full 0):
 garbage-first heap   total 99328K, used 50632K [0x00000000c0000000, 0x0000000100000000)
  region size 1024K, 1 young (1024K), 1 survivors (1024K)
 Metaspace       used 62411K, committed 62912K, reserved 1114112K
  class space    used 7617K, committed 7872K, reserved 1048576K
}
Event: 62.711 GC heap before
{Heap before GC invocations=23 (full 0):
 garbage-first heap   total 99328K, used 53704K [0x00000000c0000000, 0x0000000100000000)
  region size 1024K, 4 young (4096K), 1 survivors (1024K)
 Metaspace       used 62411K, committed 62912K, reserved 1114112K
  class space    used 7617K, committed 7872K, reserved 1048576K
}
Event: 62.716 GC heap after
{Heap after GC invocations=24 (full 0):
 garbage-first heap   total 99328K, used 49073K [0x00000000c0000000, 0x0000000100000000)
  region size 1024K, 1 young (1024K), 1 survivors (1024K)
 Metaspace       used 62411K, committed 62912K, reserved 1114112K
  class space    used 7617K, committed 7872K, reserved 1048576K
}
Event: 66.534 GC heap before
{Heap before GC invocations=24 (full 0):
 garbage-first heap   total 99328K, used 75697K [0x00000000c0000000, 0x0000000100000000)
  region size 1024K, 27 young (27648K), 1 survivors (1024K)
 Metaspace       used 62695K, committed 63104K, reserved 1114112K
  class space    used 7672K, committed 7872K, reserved 1048576K
}

